Analysis & Synthesis report for shiba
Fri Mar 19 17:36:22 2021
Quartus II 64-Bit Version 13.0.1 Build 232 06/12/2013 Service Pack 1 SJ Web Edition


---------------------
; Table of Contents ;
---------------------
  1. Legal Notice
  2. Analysis & Synthesis Summary
  3. Analysis & Synthesis Settings
  4. Parallel Compilation
  5. Analysis & Synthesis Source Files Read
  6. Analysis & Synthesis Resource Usage Summary
  7. Analysis & Synthesis Resource Utilization by Entity
  8. Analysis & Synthesis DSP Block Usage Summary
  9. General Register Statistics
 10. Multiplexer Restructuring Statistics (Restructuring Performed)
 11. Parameter Settings for Inferred Entity Instance: Multiplication_24bit:m1|lpm_mult:Mult0
 12. lpm_mult Parameter Settings by Entity Instance
 13. Elapsed Time Per Partition
 14. Analysis & Synthesis Messages
 15. Analysis & Synthesis Suppressed Messages



----------------
; Legal Notice ;
----------------
Copyright (C) 1991-2013 Altera Corporation
Your use of Altera Corporation's design tools, logic functions 
and other software and tools, and its AMPP partner logic 
functions, and any output files from any of the foregoing 
(including device programming or simulation files), and any 
associated documentation or information are expressly subject 
to the terms and conditions of the Altera Program License 
Subscription Agreement, Altera MegaCore Function License 
Agreement, or other applicable license agreement, including, 
without limitation, that your use is for the sole purpose of 
programming logic devices manufactured by Altera and sold by 
Altera or its authorized distributors.  Please refer to the 
applicable agreement for further details.



+--------------------------------------------------------------------------------------+
; Analysis & Synthesis Summary                                                         ;
+------------------------------------+-------------------------------------------------+
; Analysis & Synthesis Status        ; Successful - Fri Mar 19 17:36:22 2021           ;
; Quartus II 64-Bit Version          ; 13.0.1 Build 232 06/12/2013 SP 1 SJ Web Edition ;
; Revision Name                      ; shiba                                           ;
; Top-level Entity Name              ; mul_float                                       ;
; Family                             ; Cyclone II                                      ;
; Total logic elements               ; 1,508                                           ;
;     Total combinational functions  ; 1,508                                           ;
;     Dedicated logic registers      ; 0                                               ;
; Total registers                    ; 0                                               ;
; Total pins                         ; 96                                              ;
; Total virtual pins                 ; 0                                               ;
; Total memory bits                  ; 0                                               ;
; Embedded Multiplier 9-bit elements ; 7                                               ;
; Total PLLs                         ; 0                                               ;
+------------------------------------+-------------------------------------------------+


+----------------------------------------------------------------------------------------------------------------------+
; Analysis & Synthesis Settings                                                                                        ;
+----------------------------------------------------------------------------+--------------------+--------------------+
; Option                                                                     ; Setting            ; Default Value      ;
+----------------------------------------------------------------------------+--------------------+--------------------+
; Device                                                                     ; EP2C35F672C6       ;                    ;
; Top-level entity name                                                      ; mul_float          ; shiba              ;
; Family name                                                                ; Cyclone II         ; Cyclone IV GX      ;
; Use smart compilation                                                      ; Off                ; Off                ;
; Enable parallel Assembler and TimeQuest Timing Analyzer during compilation ; On                 ; On                 ;
; Enable compact report table                                                ; Off                ; Off                ;
; Restructure Multiplexers                                                   ; Auto               ; Auto               ;
; Create Debugging Nodes for IP Cores                                        ; Off                ; Off                ;
; Preserve fewer node names                                                  ; On                 ; On                 ;
; Disable OpenCore Plus hardware evaluation                                  ; Off                ; Off                ;
; Verilog Version                                                            ; Verilog_2001       ; Verilog_2001       ;
; VHDL Version                                                               ; VHDL_1993          ; VHDL_1993          ;
; State Machine Processing                                                   ; Auto               ; Auto               ;
; Safe State Machine                                                         ; Off                ; Off                ;
; Extract Verilog State Machines                                             ; On                 ; On                 ;
; Extract VHDL State Machines                                                ; On                 ; On                 ;
; Ignore Verilog initial constructs                                          ; Off                ; Off                ;
; Iteration limit for constant Verilog loops                                 ; 5000               ; 5000               ;
; Iteration limit for non-constant Verilog loops                             ; 250                ; 250                ;
; Add Pass-Through Logic to Inferred RAMs                                    ; On                 ; On                 ;
; Infer RAMs from Raw Logic                                                  ; On                 ; On                 ;
; Parallel Synthesis                                                         ; On                 ; On                 ;
; DSP Block Balancing                                                        ; Auto               ; Auto               ;
; NOT Gate Push-Back                                                         ; On                 ; On                 ;
; Power-Up Don't Care                                                        ; On                 ; On                 ;
; Remove Redundant Logic Cells                                               ; Off                ; Off                ;
; Remove Duplicate Registers                                                 ; On                 ; On                 ;
; Ignore CARRY Buffers                                                       ; Off                ; Off                ;
; Ignore CASCADE Buffers                                                     ; Off                ; Off                ;
; Ignore GLOBAL Buffers                                                      ; Off                ; Off                ;
; Ignore ROW GLOBAL Buffers                                                  ; Off                ; Off                ;
; Ignore LCELL Buffers                                                       ; Off                ; Off                ;
; Ignore SOFT Buffers                                                        ; On                 ; On                 ;
; Limit AHDL Integers to 32 Bits                                             ; Off                ; Off                ;
; Optimization Technique                                                     ; Balanced           ; Balanced           ;
; Carry Chain Length                                                         ; 70                 ; 70                 ;
; Auto Carry Chains                                                          ; On                 ; On                 ;
; Auto Open-Drain Pins                                                       ; On                 ; On                 ;
; Perform WYSIWYG Primitive Resynthesis                                      ; Off                ; Off                ;
; Auto ROM Replacement                                                       ; On                 ; On                 ;
; Auto RAM Replacement                                                       ; On                 ; On                 ;
; Auto Shift Register Replacement                                            ; Auto               ; Auto               ;
; Allow Shift Register Merging across Hierarchies                            ; Auto               ; Auto               ;
; Auto Clock Enable Replacement                                              ; On                 ; On                 ;
; Strict RAM Replacement                                                     ; Off                ; Off                ;
; Allow Synchronous Control Signals                                          ; On                 ; On                 ;
; Force Use of Synchronous Clear Signals                                     ; Off                ; Off                ;
; Auto RAM to Logic Cell Conversion                                          ; Off                ; Off                ;
; Auto Resource Sharing                                                      ; Off                ; Off                ;
; Allow Any RAM Size For Recognition                                         ; Off                ; Off                ;
; Allow Any ROM Size For Recognition                                         ; Off                ; Off                ;
; Allow Any Shift Register Size For Recognition                              ; Off                ; Off                ;
; Use LogicLock Constraints during Resource Balancing                        ; On                 ; On                 ;
; Ignore translate_off and synthesis_off directives                          ; Off                ; Off                ;
; Timing-Driven Synthesis                                                    ; Off                ; Off                ;
; Report Parameter Settings                                                  ; On                 ; On                 ;
; Report Source Assignments                                                  ; On                 ; On                 ;
; Report Connectivity Checks                                                 ; On                 ; On                 ;
; Ignore Maximum Fan-Out Assignments                                         ; Off                ; Off                ;
; Synchronization Register Chain Length                                      ; 2                  ; 2                  ;
; PowerPlay Power Optimization                                               ; Normal compilation ; Normal compilation ;
; HDL message level                                                          ; Level2             ; Level2             ;
; Suppress Register Optimization Related Messages                            ; Off                ; Off                ;
; Number of Removed Registers Reported in Synthesis Report                   ; 5000               ; 5000               ;
; Number of Swept Nodes Reported in Synthesis Report                         ; 5000               ; 5000               ;
; Number of Inverted Registers Reported in Synthesis Report                  ; 100                ; 100                ;
; Clock MUX Protection                                                       ; On                 ; On                 ;
; Auto Gated Clock Conversion                                                ; Off                ; Off                ;
; Block Design Naming                                                        ; Auto               ; Auto               ;
; SDC constraint protection                                                  ; Off                ; Off                ;
; Synthesis Effort                                                           ; Auto               ; Auto               ;
; Shift Register Replacement - Allow Asynchronous Clear Signal               ; On                 ; On                 ;
; Pre-Mapping Resynthesis Optimization                                       ; Off                ; Off                ;
; Analysis & Synthesis Message Level                                         ; Medium             ; Medium             ;
; Disable Register Merging Across Hierarchies                                ; Auto               ; Auto               ;
; Resource Aware Inference For Block RAM                                     ; On                 ; On                 ;
; Synthesis Seed                                                             ; 1                  ; 1                  ;
+----------------------------------------------------------------------------+--------------------+--------------------+


Parallel compilation was disabled, but you have multiple processors available. Enable parallel compilation to reduce compilation time.
+-------------------------------------+
; Parallel Compilation                ;
+----------------------------+--------+
; Processors                 ; Number ;
+----------------------------+--------+
; Number detected on machine ; 12     ;
; Maximum allowed            ; 1      ;
+----------------------------+--------+


+-----------------------------------------------------------------------------------------------------------------------------------------------------------------+
; Analysis & Synthesis Source Files Read                                                                                                                          ;
+----------------------------------+-----------------+------------------------------+-------------------------------------------------------------------+---------+
; File Name with User-Entered Path ; Used in Netlist ; File Type                    ; File Name with Absolute Path                                      ; Library ;
+----------------------------------+-----------------+------------------------------+-------------------------------------------------------------------+---------+
; mul_float.v                      ; yes             ; User Verilog HDL File        ; D:/TKvimach1/rgb2/mul_float.v                                     ;         ;
; Multiplication_24bit.v           ; yes             ; User Verilog HDL File        ; D:/TKvimach1/rgb2/Multiplication_24bit.v                          ;         ;
; adder8bit.v                      ; yes             ; User Verilog HDL File        ; D:/TKvimach1/rgb2/adder8bit.v                                     ;         ;
; lpm_mult.tdf                     ; yes             ; Megafunction                 ; c:/altera/13.0sp1/quartus/libraries/megafunctions/lpm_mult.tdf    ;         ;
; aglobal130.inc                   ; yes             ; Megafunction                 ; c:/altera/13.0sp1/quartus/libraries/megafunctions/aglobal130.inc  ;         ;
; lpm_add_sub.inc                  ; yes             ; Megafunction                 ; c:/altera/13.0sp1/quartus/libraries/megafunctions/lpm_add_sub.inc ;         ;
; multcore.inc                     ; yes             ; Megafunction                 ; c:/altera/13.0sp1/quartus/libraries/megafunctions/multcore.inc    ;         ;
; bypassff.inc                     ; yes             ; Megafunction                 ; c:/altera/13.0sp1/quartus/libraries/megafunctions/bypassff.inc    ;         ;
; altshift.inc                     ; yes             ; Megafunction                 ; c:/altera/13.0sp1/quartus/libraries/megafunctions/altshift.inc    ;         ;
; db/mult_p8t.tdf                  ; yes             ; Auto-Generated Megafunction  ; D:/TKvimach1/rgb2/db/mult_p8t.tdf                                 ;         ;
+----------------------------------+-----------------+------------------------------+-------------------------------------------------------------------+---------+


+-----------------------------------------------------------------------------------------------------------------------+
; Analysis & Synthesis Resource Usage Summary                                                                           ;
+---------------------------------------------+-------------------------------------------------------------------------+
; Resource                                    ; Usage                                                                   ;
+---------------------------------------------+-------------------------------------------------------------------------+
; Estimated Total logic elements              ; 1,508                                                                   ;
;                                             ;                                                                         ;
; Total combinational functions               ; 1508                                                                    ;
; Logic element usage by number of LUT inputs ;                                                                         ;
;     -- 4 input functions                    ; 993                                                                     ;
;     -- 3 input functions                    ; 125                                                                     ;
;     -- <=2 input functions                  ; 390                                                                     ;
;                                             ;                                                                         ;
; Logic elements by mode                      ;                                                                         ;
;     -- normal mode                          ; 1165                                                                    ;
;     -- arithmetic mode                      ; 343                                                                     ;
;                                             ;                                                                         ;
; Total registers                             ; 0                                                                       ;
;     -- Dedicated logic registers            ; 0                                                                       ;
;     -- I/O registers                        ; 0                                                                       ;
;                                             ;                                                                         ;
; I/O pins                                    ; 96                                                                      ;
; Embedded Multiplier 9-bit elements          ; 7                                                                       ;
; Maximum fan-out node                        ; Multiplication_24bit:m1|lpm_mult:Mult0|mult_p8t:auto_generated|w385w[0] ;
; Maximum fan-out                             ; 328                                                                     ;
; Total fan-out                               ; 4875                                                                    ;
; Average fan-out                             ; 3.02                                                                    ;
+---------------------------------------------+-------------------------------------------------------------------------+


+-------------------------------------------------------------------------------------------------------------------------------------------------------------------------------------------------------------------------------------------+
; Analysis & Synthesis Resource Utilization by Entity                                                                                                                                                                                       ;
+------------------------------------+-------------------+--------------+-------------+--------------+---------+-----------+------+--------------+---------------------------------------------------------------------------+--------------+
; Compilation Hierarchy Node         ; LC Combinationals ; LC Registers ; Memory Bits ; DSP Elements ; DSP 9x9 ; DSP 18x18 ; Pins ; Virtual Pins ; Full Hierarchy Name                                                       ; Library Name ;
+------------------------------------+-------------------+--------------+-------------+--------------+---------+-----------+------+--------------+---------------------------------------------------------------------------+--------------+
; |mul_float                         ; 1508 (233)        ; 0 (0)        ; 0           ; 7            ; 1       ; 3         ; 96   ; 0            ; |mul_float                                                                ; work         ;
;    |Multiplication_24bit:m1|       ; 800 (745)         ; 0 (0)        ; 0           ; 7            ; 1       ; 3         ; 0    ; 0            ; |mul_float|Multiplication_24bit:m1                                        ; work         ;
;       |lpm_mult:Mult0|             ; 55 (0)            ; 0 (0)        ; 0           ; 7            ; 1       ; 3         ; 0    ; 0            ; |mul_float|Multiplication_24bit:m1|lpm_mult:Mult0                         ; work         ;
;          |mult_p8t:auto_generated| ; 55 (55)           ; 0 (0)        ; 0           ; 7            ; 1       ; 3         ; 0    ; 0            ; |mul_float|Multiplication_24bit:m1|lpm_mult:Mult0|mult_p8t:auto_generated ; work         ;
;    |adder8bit:a1|                  ; 475 (475)         ; 0 (0)        ; 0           ; 0            ; 0       ; 0         ; 0    ; 0            ; |mul_float|adder8bit:a1                                                   ; work         ;
+------------------------------------+-------------------+--------------+-------------+--------------+---------+-----------+------+--------------+---------------------------------------------------------------------------+--------------+
Note: For table entries with two numbers listed, the numbers in parentheses indicate the number of resources of the given type used by the specific entity alone. The numbers listed outside of parentheses indicate the total resources of the given type used by the specific entity and all of its sub-entities in the hierarchy.


+-----------------------------------------------------+
; Analysis & Synthesis DSP Block Usage Summary        ;
+---------------------------------------+-------------+
; Statistic                             ; Number Used ;
+---------------------------------------+-------------+
; Simple Multipliers (9-bit)            ; 1           ;
; Simple Multipliers (18-bit)           ; 3           ;
; Embedded Multiplier Blocks            ; --          ;
; Embedded Multiplier 9-bit elements    ; 7           ;
; Signed Embedded Multipliers           ; 0           ;
; Unsigned Embedded Multipliers         ; 4           ;
; Mixed Sign Embedded Multipliers       ; 0           ;
; Variable Sign Embedded Multipliers    ; 0           ;
; Dedicated Input Shift Register Chains ; 0           ;
+---------------------------------------+-------------+
Note: number of Embedded Multiplier Blocks used is only available after a successful fit.


+------------------------------------------------------+
; General Register Statistics                          ;
+----------------------------------------------+-------+
; Statistic                                    ; Value ;
+----------------------------------------------+-------+
; Total registers                              ; 0     ;
; Number of registers using Synchronous Clear  ; 0     ;
; Number of registers using Synchronous Load   ; 0     ;
; Number of registers using Asynchronous Clear ; 0     ;
; Number of registers using Asynchronous Load  ; 0     ;
; Number of registers using Clock Enable       ; 0     ;
; Number of registers using Preset             ; 0     ;
+----------------------------------------------+-------+


+------------------------------------------------------------------------------------------------------------------------------------------+
; Multiplexer Restructuring Statistics (Restructuring Performed)                                                                           ;
+--------------------+-----------+---------------+----------------------+------------------------+------------+----------------------------+
; Multiplexer Inputs ; Bus Width ; Baseline Area ; Area if Restructured ; Saving if Restructured ; Registered ; Example Multiplexer Output ;
+--------------------+-----------+---------------+----------------------+------------------------+------------+----------------------------+
; 69:1               ; 3 bits    ; 138 LEs       ; 96 LEs               ; 42 LEs                 ; No         ; |mul_float|out2            ;
+--------------------+-----------+---------------+----------------------+------------------------+------------+----------------------------+


+-----------------------------------------------------------------------------------------+
; Parameter Settings for Inferred Entity Instance: Multiplication_24bit:m1|lpm_mult:Mult0 ;
+------------------------------------------------+------------+---------------------------+
; Parameter Name                                 ; Value      ; Type                      ;
+------------------------------------------------+------------+---------------------------+
; AUTO_CARRY_CHAINS                              ; ON         ; AUTO_CARRY                ;
; IGNORE_CARRY_BUFFERS                           ; OFF        ; IGNORE_CARRY              ;
; AUTO_CASCADE_CHAINS                            ; ON         ; AUTO_CASCADE              ;
; IGNORE_CASCADE_BUFFERS                         ; OFF        ; IGNORE_CASCADE            ;
; LPM_WIDTHA                                     ; 24         ; Untyped                   ;
; LPM_WIDTHB                                     ; 24         ; Untyped                   ;
; LPM_WIDTHP                                     ; 48         ; Untyped                   ;
; LPM_WIDTHR                                     ; 48         ; Untyped                   ;
; LPM_WIDTHS                                     ; 1          ; Untyped                   ;
; LPM_REPRESENTATION                             ; UNSIGNED   ; Untyped                   ;
; LPM_PIPELINE                                   ; 0          ; Untyped                   ;
; LATENCY                                        ; 0          ; Untyped                   ;
; INPUT_A_IS_CONSTANT                            ; NO         ; Untyped                   ;
; INPUT_B_IS_CONSTANT                            ; NO         ; Untyped                   ;
; USE_EAB                                        ; OFF        ; Untyped                   ;
; MAXIMIZE_SPEED                                 ; 5          ; Untyped                   ;
; DEVICE_FAMILY                                  ; Cyclone II ; Untyped                   ;
; CARRY_CHAIN                                    ; MANUAL     ; Untyped                   ;
; APEX20K_TECHNOLOGY_MAPPER                      ; LUT        ; TECH_MAPPER_APEX20K       ;
; DEDICATED_MULTIPLIER_CIRCUITRY                 ; AUTO       ; Untyped                   ;
; DEDICATED_MULTIPLIER_MIN_INPUT_WIDTH_FOR_AUTO  ; 0          ; Untyped                   ;
; DEDICATED_MULTIPLIER_MIN_OUTPUT_WIDTH_FOR_AUTO ; 0          ; Untyped                   ;
; CBXI_PARAMETER                                 ; mult_p8t   ; Untyped                   ;
; INPUT_A_FIXED_VALUE                            ; Bx         ; Untyped                   ;
; INPUT_B_FIXED_VALUE                            ; Bx         ; Untyped                   ;
; USE_AHDL_IMPLEMENTATION                        ; OFF        ; Untyped                   ;
+------------------------------------------------+------------+---------------------------+
Note: In order to hide this table in the UI and the text report file, please set the "Show Parameter Settings in Synthesis Report" option in "Analysis and Synthesis Settings -> More Settings" to "Off".


+--------------------------------------------------------------------------------+
; lpm_mult Parameter Settings by Entity Instance                                 ;
+---------------------------------------+----------------------------------------+
; Name                                  ; Value                                  ;
+---------------------------------------+----------------------------------------+
; Number of entity instances            ; 1                                      ;
; Entity Instance                       ; Multiplication_24bit:m1|lpm_mult:Mult0 ;
;     -- LPM_WIDTHA                     ; 24                                     ;
;     -- LPM_WIDTHB                     ; 24                                     ;
;     -- LPM_WIDTHP                     ; 48                                     ;
;     -- LPM_REPRESENTATION             ; UNSIGNED                               ;
;     -- INPUT_A_IS_CONSTANT            ; NO                                     ;
;     -- INPUT_B_IS_CONSTANT            ; NO                                     ;
;     -- USE_EAB                        ; OFF                                    ;
;     -- DEDICATED_MULTIPLIER_CIRCUITRY ; AUTO                                   ;
;     -- INPUT_A_FIXED_VALUE            ; Bx                                     ;
;     -- INPUT_B_FIXED_VALUE            ; Bx                                     ;
+---------------------------------------+----------------------------------------+


+-------------------------------+
; Elapsed Time Per Partition    ;
+----------------+--------------+
; Partition Name ; Elapsed Time ;
+----------------+--------------+
; Top            ; 00:00:27     ;
+----------------+--------------+


+-------------------------------+
; Analysis & Synthesis Messages ;
+-------------------------------+
Info: *******************************************************************
Info: Running Quartus II 64-Bit Analysis & Synthesis
    Info: Version 13.0.1 Build 232 06/12/2013 Service Pack 1 SJ Web Edition
    Info: Processing started: Fri Mar 19 17:35:53 2021
Info: Command: quartus_map --read_settings_files=on --write_settings_files=off shiba -c shiba
Warning (20028): Parallel compilation is not licensed and has been disabled
Info (12021): Found 1 design units, including 1 entities, in source file mul_float.v
    Info (12023): Found entity 1: mul_float
Info (12021): Found 1 design units, including 1 entities, in source file multiplication_24bit.v
    Info (12023): Found entity 1: Multiplication_24bit
Info (12021): Found 1 design units, including 1 entities, in source file cong_32bit.v
    Info (12023): Found entity 1: cong_32bit
Info (12021): Found 1 design units, including 1 entities, in source file adder8bit.v
    Info (12023): Found entity 1: adder8bit
Info (12021): Found 1 design units, including 1 entities, in source file imem.v
    Info (12023): Found entity 1: IMEM
Info (12021): Found 1 design units, including 1 entities, in source file int_to_float.v
    Info (12023): Found entity 1: int_to_float
Info (12021): Found 1 design units, including 1 entities, in source file imemr.v
    Info (12023): Found entity 1: IMEMR
Info (12021): Found 1 design units, including 1 entities, in source file register.v
    Info (12023): Found entity 1: register
Info (12021): Found 1 design units, including 1 entities, in source file imemg.v
    Info (12023): Found entity 1: IMEMG
Info (12021): Found 1 design units, including 1 entities, in source file imemb.v
    Info (12023): Found entity 1: IMEMB
Info (12021): Found 1 design units, including 1 entities, in source file shiba.bdf
    Info (12023): Found entity 1: shiba
Info (12021): Found 0 design units, including 0 entities, in source file kk.v
Info (12021): Found 1 design units, including 1 entities, in source file all.v
    Info (12023): Found entity 1: all
Info (12021): Found 1 design units, including 1 entities, in source file all2.v
    Info (12023): Found entity 1: all2
Info (12021): Found 1 design units, including 1 entities, in source file all3.v
    Info (12023): Found entity 1: all3
Info (12127): Elaborating entity "mul_float" for the top level hierarchy
Info (12128): Elaborating entity "adder8bit" for hierarchy "adder8bit:a1"
Info (12128): Elaborating entity "Multiplication_24bit" for hierarchy "Multiplication_24bit:m1"
Info (278001): Inferred 1 megafunctions from design logic
    Info (278003): Inferred multiplier megafunction ("lpm_mult") from the following logic: "Multiplication_24bit:m1|Mult0"
Info (12130): Elaborated megafunction instantiation "Multiplication_24bit:m1|lpm_mult:Mult0"
Info (12133): Instantiated megafunction "Multiplication_24bit:m1|lpm_mult:Mult0" with the following parameter:
    Info (12134): Parameter "LPM_WIDTHA" = "24"
    Info (12134): Parameter "LPM_WIDTHB" = "24"
    Info (12134): Parameter "LPM_WIDTHP" = "48"
    Info (12134): Parameter "LPM_WIDTHR" = "48"
    Info (12134): Parameter "LPM_WIDTHS" = "1"
    Info (12134): Parameter "LPM_REPRESENTATION" = "UNSIGNED"
    Info (12134): Parameter "INPUT_A_IS_CONSTANT" = "NO"
    Info (12134): Parameter "INPUT_B_IS_CONSTANT" = "NO"
    Info (12134): Parameter "MAXIMIZE_SPEED" = "5"
Info (12021): Found 1 design units, including 1 entities, in source file db/mult_p8t.tdf
    Info (12023): Found entity 1: mult_p8t
Info (13014): Ignored 158 buffer(s)
    Info (13019): Ignored 158 SOFT buffer(s)
Info (144001): Generated suppressed messages file D:/TKvimach1/rgb2/output_files/shiba.map.smsg
Info (16010): Generating hard_block partition "hard_block:auto_generated_inst"
    Info (16011): Adding 0 node(s), including 0 DDIO, 0 PLL, 0 transceiver and 0 LCELL
Info (21057): Implemented 1611 device resources after synthesis - the final resource count might be different
    Info (21058): Implemented 64 input pins
    Info (21059): Implemented 32 output pins
    Info (21061): Implemented 1508 logic cells
    Info (21062): Implemented 7 DSP elements
Info: Quartus II 64-Bit Analysis & Synthesis was successful. 0 errors, 1 warning
    Info: Peak virtual memory: 4621 megabytes
    Info: Processing ended: Fri Mar 19 17:36:23 2021
    Info: Elapsed time: 00:00:30
    Info: Total CPU time (on all processors): 00:00:29


+------------------------------------------+
; Analysis & Synthesis Suppressed Messages ;
+------------------------------------------+
The suppressed messages can be found in D:/TKvimach1/rgb2/output_files/shiba.map.smsg.


